<?xml version="1.0" encoding="UTF-8"?>
<!-- Generated by org.testng.reporters.JUnitReportReporter -->
<testsuite hostname="LAPTOP-8L9PS7HV" failures="0" tests="1" name="com.Sauce.WebAutomation.Login" time="5.213" errors="0" timestamp="2023-06-21T20:57:54 IST" skipped="0">
  <testcase classname="com.Sauce.WebAutomation.Login" name="verify_login_page" time="5.213"/>
  <system-out/>
</testsuite> <!-- com.Sauce.WebAutomation.Login -->
