<?xml version="1.0" encoding="UTF-8"?>
<!-- Generated by org.testng.reporters.JUnitReportReporter -->
<testsuite hostname="LAPTOP-8L9PS7HV" failures="0" tests="1" name="com.Sauce.WebAutomation.DashboardTestCase" time="10.605" errors="0" timestamp="2023-06-22T22:04:15 IST" skipped="0">
  <testcase classname="com.Sauce.WebAutomation.DashboardTestCase" name="continueShopping" time="10.605"/>
  <system-out/>
</testsuite> <!-- com.Sauce.WebAutomation.DashboardTestCase -->
