<?xml version="1.0" encoding="UTF-8"?>
<!-- Generated by org.testng.reporters.JUnitReportReporter -->
<testsuite hostname="LAPTOP-8L9PS7HV" failures="0" tests="7" name="com.Sauce.WebAutomation.CartPageTestCase" time="51.007" errors="0" timestamp="2023-06-23T18:15:55 IST" skipped="0">
  <testcase classname="com.Sauce.WebAutomation.CartPageTestCase" name="validatingwithoutFirsyName" time="7.171"/>
  <system-out/>
  <testcase classname="com.Sauce.WebAutomation.CartPageTestCase" name="validatingFormPage" time="6.581"/>
  <system-out/>
  <testcase classname="com.Sauce.WebAutomation.CartPageTestCase" name="validatingwithoutZipcode" time="7.090"/>
  <system-out/>
  <testcase classname="com.Sauce.WebAutomation.CartPageTestCase" name="checkOut" time="6.827"/>
  <system-out/>
  <testcase classname="com.Sauce.WebAutomation.CartPageTestCase" name="checkoutForm" time="9.523"/>
  <system-out/>
  <testcase classname="com.Sauce.WebAutomation.CartPageTestCase" name="FormFilling" time="6.993"/>
  <system-out/>
  <testcase classname="com.Sauce.WebAutomation.CartPageTestCase" name="validatingwithoutLastName" time="6.822"/>
  <system-out/>
</testsuite> <!-- com.Sauce.WebAutomation.CartPageTestCase -->
