<?xml version="1.0" encoding="UTF-8"?>
<!-- Generated by org.testng.reporters.JUnitReportReporter -->
<testsuite hostname="LAPTOP-8L9PS7HV" failures="0" tests="3" name="com.Sauce.WebAutomation.DashboardTestCase" time="25.117" errors="0" timestamp="2023-06-21T22:43:41 IST" skipped="0">
  <testcase classname="com.Sauce.WebAutomation.DashboardTestCase" name="getMenu" time="4.650"/>
  <system-out/>
  <testcase classname="com.Sauce.WebAutomation.DashboardTestCase" name="addToCart" time="8.898"/>
  <system-out/>
  <testcase classname="com.Sauce.WebAutomation.DashboardTestCase" name="aboutMe" time="11.569"/>
  <system-out/>
</testsuite> <!-- com.Sauce.WebAutomation.DashboardTestCase -->
