<?xml version="1.0" encoding="UTF-8"?>
<!-- Generated by org.testng.reporters.JUnitReportReporter -->
<testsuite hostname="LAPTOP-8L9PS7HV" failures="0" tests="1" name="com.Sauce.WebAutomation.Dashboard" time="8.490" errors="0" timestamp="2023-06-21T22:41:30 IST" skipped="0">
  <testcase classname="com.Sauce.WebAutomation.Dashboard" name="addToCart" time="8.490"/>
  <system-out/>
</testsuite> <!-- com.Sauce.WebAutomation.Dashboard -->
