<?xml version="1.0" encoding="UTF-8"?>
<!-- Generated by org.testng.reporters.JUnitReportReporter -->
<testsuite hostname="LAPTOP-8L9PS7HV" failures="0" tests="1" name="com.Sauce.WebAutomation.DashboardTestCase" time="11.630" errors="0" timestamp="2023-06-23T16:29:49 IST" skipped="0">
  <testcase classname="com.Sauce.WebAutomation.DashboardTestCase" name="DropDown" time="11.630"/>
  <system-out/>
</testsuite> <!-- com.Sauce.WebAutomation.DashboardTestCase -->
