<?xml version="1.0" encoding="UTF-8"?>
<!-- Generated by org.testng.reporters.JUnitReportReporter -->
<testsuite hostname="LAPTOP-8L9PS7HV" failures="0" tests="5" name="com.Sauce.WebAutomation.LoginTestCase" time="19.331" errors="0" timestamp="2023-06-23T18:15:55 IST" skipped="0">
  <testcase classname="com.Sauce.WebAutomation.LoginTestCase" name="PasswordIsrequired" time="3.955"/>
  <system-out/>
  <testcase classname="com.Sauce.WebAutomation.LoginTestCase" name="verify_login_page" time="3.169"/>
  <system-out/>
  <testcase classname="com.Sauce.WebAutomation.LoginTestCase" name="LogOut" time="6.364"/>
  <system-out/>
  <testcase classname="com.Sauce.WebAutomation.LoginTestCase" name="usernameIsrequired" time="2.913"/>
  <system-out/>
  <testcase classname="com.Sauce.WebAutomation.LoginTestCase" name="verify_login_error" time="2.930"/>
  <system-out/>
</testsuite> <!-- com.Sauce.WebAutomation.LoginTestCase -->
