<?xml version="1.0" encoding="UTF-8"?>
<!-- Generated by org.testng.reporters.JUnitReportReporter -->
<testsuite hostname="LAPTOP-8L9PS7HV" failures="0" tests="5" name="com.Sauce.WebAutomation.LoginTestCase" time="22.313" errors="0" timestamp="2023-06-23T16:32:11 IST" skipped="0">
  <testcase classname="com.Sauce.WebAutomation.LoginTestCase" name="verify_login_error" time="4.003"/>
  <system-out/>
  <testcase classname="com.Sauce.WebAutomation.LoginTestCase" name="LogOut" time="7.582"/>
  <system-out/>
  <testcase classname="com.Sauce.WebAutomation.LoginTestCase" name="PasswordIsrequired" time="3.709"/>
  <system-out/>
  <testcase classname="com.Sauce.WebAutomation.LoginTestCase" name="verify_login_page" time="3.426"/>
  <system-out/>
  <testcase classname="com.Sauce.WebAutomation.LoginTestCase" name="usernameIsrequired" time="3.593"/>
  <system-out/>
</testsuite> <!-- com.Sauce.WebAutomation.LoginTestCase -->
