<?xml version="1.0" encoding="UTF-8"?>
<!-- Generated by org.testng.reporters.JUnitReportReporter -->
<testsuite hostname="LAPTOP-8L9PS7HV" failures="0" tests="5" name="com.Sauce.WebAutomation.LoginTestCase" time="16.125" errors="0" timestamp="2023-06-22T22:29:15 IST" skipped="0">
  <testcase classname="com.Sauce.WebAutomation.LoginTestCase" name="PasswordIsrequired" time="2.540"/>
  <system-out/>
  <testcase classname="com.Sauce.WebAutomation.LoginTestCase" name="usernameIsrequired" time="2.554"/>
  <system-out/>
  <testcase classname="com.Sauce.WebAutomation.LoginTestCase" name="verify_login_page" time="3.370"/>
  <system-out/>
  <testcase classname="com.Sauce.WebAutomation.LoginTestCase" name="LogOut" time="5.265"/>
  <system-out/>
  <testcase classname="com.Sauce.WebAutomation.LoginTestCase" name="verify_login_error" time="2.396"/>
  <system-out/>
</testsuite> <!-- com.Sauce.WebAutomation.LoginTestCase -->
