<?xml version="1.0" encoding="UTF-8"?>
<!-- Generated by org.testng.reporters.JUnitReportReporter -->
<testsuite hostname="LAPTOP-8L9PS7HV" failures="0" tests="1" name="com.Sauce.WebAutomation.CartPageTestCase" time="8.092" errors="0" timestamp="2023-06-23T18:07:00 IST" skipped="0">
  <testcase classname="com.Sauce.WebAutomation.CartPageTestCase" name="checkOut" time="8.092"/>
  <system-out/>
</testsuite> <!-- com.Sauce.WebAutomation.CartPageTestCase -->
