<?xml version="1.0" encoding="UTF-8"?>
<!-- Generated by org.testng.reporters.JUnitReportReporter -->
<testsuite hostname="LAPTOP-8L9PS7HV" failures="0" tests="5" name="com.Sauce.WebAutomation.LoginTestCase" time="14.594" errors="0" timestamp="2023-06-23T18:08:55 IST" skipped="0">
  <testcase classname="com.Sauce.WebAutomation.LoginTestCase" name="PasswordIsrequired" time="2.240"/>
  <system-out/>
  <testcase classname="com.Sauce.WebAutomation.LoginTestCase" name="LogOut" time="5.025"/>
  <system-out/>
  <testcase classname="com.Sauce.WebAutomation.LoginTestCase" name="verify_login_error" time="1.866"/>
  <system-out/>
  <testcase classname="com.Sauce.WebAutomation.LoginTestCase" name="usernameIsrequired" time="2.191"/>
  <system-out/>
  <testcase classname="com.Sauce.WebAutomation.LoginTestCase" name="verify_login_page" time="3.272"/>
  <system-out/>
</testsuite> <!-- com.Sauce.WebAutomation.LoginTestCase -->
