<?xml version="1.0" encoding="UTF-8"?>
<!-- Generated by org.testng.reporters.JUnitReportReporter -->
<testsuite hostname="LAPTOP-8L9PS7HV" failures="0" tests="5" name="com.Sauce.WebAutomation.DashboardTestCase" time="36.264" errors="0" timestamp="2023-06-22T22:29:15 IST" skipped="0">
  <testcase classname="com.Sauce.WebAutomation.DashboardTestCase" name="addToCart" time="5.408"/>
  <system-out/>
  <testcase classname="com.Sauce.WebAutomation.DashboardTestCase" name="getMenu" time="3.128"/>
  <system-out/>
  <testcase classname="com.Sauce.WebAutomation.DashboardTestCase" name="addToCartMultipleIteam" time="8.790"/>
  <system-out/>
  <testcase classname="com.Sauce.WebAutomation.DashboardTestCase" name="aboutMe" time="10.013"/>
  <system-out/>
  <testcase classname="com.Sauce.WebAutomation.DashboardTestCase" name="continueShopping" time="8.925"/>
  <system-out/>
</testsuite> <!-- com.Sauce.WebAutomation.DashboardTestCase -->
