<?xml version="1.0" encoding="UTF-8"?>
<!-- Generated by org.testng.reporters.JUnitReportReporter -->
<testsuite hostname="LAPTOP-8L9PS7HV" failures="0" tests="6" name="com.Sauce.WebAutomation.DashboardTestCase" time="53.491" errors="0" timestamp="2023-06-23T16:32:11 IST" skipped="0">
  <testcase classname="com.Sauce.WebAutomation.DashboardTestCase" name="DropDown" time="11.273"/>
  <system-out/>
  <testcase classname="com.Sauce.WebAutomation.DashboardTestCase" name="addToCartMultipleIteam" time="7.109"/>
  <system-out/>
  <testcase classname="com.Sauce.WebAutomation.DashboardTestCase" name="continueShopping" time="10.179"/>
  <system-out/>
  <testcase classname="com.Sauce.WebAutomation.DashboardTestCase" name="getMenu" time="4.277"/>
  <system-out/>
  <testcase classname="com.Sauce.WebAutomation.DashboardTestCase" name="addToCart" time="7.075"/>
  <system-out/>
  <testcase classname="com.Sauce.WebAutomation.DashboardTestCase" name="aboutMe" time="13.578"/>
  <system-out/>
</testsuite> <!-- com.Sauce.WebAutomation.DashboardTestCase -->
