<?xml version="1.0" encoding="UTF-8"?>
<!-- Generated by org.testng.reporters.JUnitReportReporter -->
<testsuite hostname="LAPTOP-8L9PS7HV" failures="0" tests="4" name="com.Sauce.WebAutomation.LoginTestCase" time="12.224" errors="0" timestamp="2023-06-22T21:31:25 IST" skipped="0">
  <testcase classname="com.Sauce.WebAutomation.LoginTestCase" name="usernameIsrequired" time="3.018"/>
  <system-out/>
  <testcase classname="com.Sauce.WebAutomation.LoginTestCase" name="verify_login_error" time="3.073"/>
  <system-out/>
  <testcase classname="com.Sauce.WebAutomation.LoginTestCase" name="PasswordIsrequired" time="3.012"/>
  <system-out/>
  <testcase classname="com.Sauce.WebAutomation.LoginTestCase" name="verify_login_page" time="3.121"/>
  <system-out/>
</testsuite> <!-- com.Sauce.WebAutomation.LoginTestCase -->
