<?xml version="1.0" encoding="UTF-8"?>
<!-- Generated by org.testng.reporters.JUnitReportReporter -->
<testsuite hostname="LAPTOP-8L9PS7HV" failures="0" tests="6" name="com.Sauce.WebAutomation.DashboardTestCase" time="39.368" errors="0" timestamp="2023-06-23T18:08:55 IST" skipped="0">
  <testcase classname="com.Sauce.WebAutomation.DashboardTestCase" name="continueShopping" time="8.101"/>
  <system-out/>
  <testcase classname="com.Sauce.WebAutomation.DashboardTestCase" name="addToCart" time="5.192"/>
  <system-out/>
  <testcase classname="com.Sauce.WebAutomation.DashboardTestCase" name="aboutMe" time="8.550"/>
  <system-out/>
  <testcase classname="com.Sauce.WebAutomation.DashboardTestCase" name="addToCartMultipleIteam" time="5.854"/>
  <system-out/>
  <testcase classname="com.Sauce.WebAutomation.DashboardTestCase" name="getMenu" time="3.615"/>
  <system-out/>
  <testcase classname="com.Sauce.WebAutomation.DashboardTestCase" name="DropDown" time="8.056"/>
  <system-out/>
</testsuite> <!-- com.Sauce.WebAutomation.DashboardTestCase -->
