<?xml version="1.0" encoding="UTF-8"?>
<!-- Generated by org.testng.reporters.JUnitReportReporter -->
<testsuite hostname="LAPTOP-8L9PS7HV" failures="0" tests="4" name="com.Sauce.WebAutomation.LoginTestCase" time="12.949" errors="0" timestamp="2023-06-21T22:43:41 IST" skipped="0">
  <testcase classname="com.Sauce.WebAutomation.LoginTestCase" name="PasswordIsrequired" time="3.548"/>
  <system-out/>
  <testcase classname="com.Sauce.WebAutomation.LoginTestCase" name="usernameIsrequired" time="3.073"/>
  <system-out/>
  <testcase classname="com.Sauce.WebAutomation.LoginTestCase" name="verify_login_page" time="3.061"/>
  <system-out/>
  <testcase classname="com.Sauce.WebAutomation.LoginTestCase" name="verify_login_error" time="3.267"/>
  <system-out/>
</testsuite> <!-- com.Sauce.WebAutomation.LoginTestCase -->
