<?xml version="1.0" encoding="UTF-8"?>
<!-- Generated by org.testng.reporters.JUnitReportReporter -->
<testsuite hostname="LAPTOP-8L9PS7HV" failures="0" tests="6" name="com.Sauce.WebAutomation.DashboardTestCase" time="73.060" errors="0" timestamp="2023-06-23T18:15:55 IST" skipped="0">
  <testcase classname="com.Sauce.WebAutomation.DashboardTestCase" name="getMenu" time="3.452"/>
  <system-out/>
  <testcase classname="com.Sauce.WebAutomation.DashboardTestCase" name="aboutMe" time="27.307"/>
  <system-out/>
  <testcase classname="com.Sauce.WebAutomation.DashboardTestCase" name="DropDown" time="10.132"/>
  <system-out/>
  <testcase classname="com.Sauce.WebAutomation.DashboardTestCase" name="addToCart" time="11.254"/>
  <system-out/>
  <testcase classname="com.Sauce.WebAutomation.DashboardTestCase" name="addToCartMultipleIteam" time="6.425"/>
  <system-out/>
  <testcase classname="com.Sauce.WebAutomation.DashboardTestCase" name="continueShopping" time="14.490"/>
  <system-out/>
</testsuite> <!-- com.Sauce.WebAutomation.DashboardTestCase -->
